Project Information                           f:\new folder\four_bit_adder.rpt

MAX+plus II Compiler Report File
Version 10.2 07/10/2002
Compiled: 11/03/2010 10:41:09

Copyright (C) 1988-2002 Altera Corporation
Any megafunction design, and related net list (encrypted or decrypted),
support information, device programming or simulation file, and any other
associated documentation or information provided by Altera or a partner
under Altera's Megafunction Partnership Program may be used only to
program PLD devices (but not masked PLD devices) from Altera.  Any other
use of such megafunction design, net list, support information, device
programming or simulation file, or any other related documentation or
information is prohibited for any other purpose, including, but not
limited to modification, reverse engineering, de-compiling, or use with
any other silicon devices, unless such use is explicitly licensed under
a separate agreement with Altera or a megafunction partner.  Title to
the intellectual property, including patents, copyrights, trademarks,
trade secrets, or maskworks, embodied in any such megafunction design,
net list, support information, device programming or simulation file, or
any other related documentation or information provided by Altera or a
megafunction partner, remains with Altera, the megafunction partner, or
their respective licensors.  No other licenses, including any licenses
needed under any third party's intellectual property, are provided herein.



***** Project compilation was successful




** DEVICE SUMMARY **

Chip/                     Input   Output   Bidir         Shareable
POF       Device          Pins    Pins     Pins     LCs  Expanders  % Utilized

four_bit_adder
      EPM7032LC44-6        9        5        0      9       10          28 %

User Pins:                 9        5        0  



Project Information                           f:\new folder\four_bit_adder.rpt

** FILE HIERARCHY **



|full_adder:f1|
|full_adder:f1|half_adder:h1|
|full_adder:f1|half_adder:h2|
|full_adder:f2|
|full_adder:f2|half_adder:h1|
|full_adder:f2|half_adder:h2|
|full_adder:f3|
|full_adder:f3|half_adder:h1|
|full_adder:f3|half_adder:h2|
|full_adder:f4|
|full_adder:f4|half_adder:h1|
|full_adder:f4|half_adder:h2|


Device-Specific Information:                  f:\new folder\four_bit_adder.rpt
four_bit_adder

***** Logic for device 'four_bit_adder' compiled without errors.




Device: EPM7032LC44-6

Device Options:
    Turbo Bit                                    = ON
    Security Bit                                 = OFF

                                               
                                               
                                               
                                               
                                               
                 c     V  G  G  G  G  G        
              b  i  a  C  N  N  N  N  N  z  z  
              3  n  0  C  D  D  D  D  D  3  2  
            -----------------------------------_ 
          /   6  5  4  3  2  1 44 43 42 41 40   | 
      b2 |  7                                39 | z1 
      b1 |  8                                38 | z0 
      b0 |  9                                37 | RESERVED 
     GND | 10                                36 | RESERVED 
      a3 | 11                                35 | VCC 
      a2 | 12         EPM7032LC44-6          34 | RESERVED 
      a1 | 13                                33 | RESERVED 
RESERVED | 14                                32 | carry 
     VCC | 15                                31 | RESERVED 
RESERVED | 16                                30 | GND 
RESERVED | 17                                29 | RESERVED 
         |_  18 19 20 21 22 23 24 25 26 27 28  _| 
           ------------------------------------ 
              R  R  R  R  G  V  R  R  R  R  R  
              E  E  E  E  N  C  E  E  E  E  E  
              S  S  S  S  D  C  S  S  S  S  S  
              E  E  E  E        E  E  E  E  E  
              R  R  R  R        R  R  R  R  R  
              V  V  V  V        V  V  V  V  V  
              E  E  E  E        E  E  E  E  E  
              D  D  D  D        D  D  D  D  D  


N.C. = No Connect. This pin has no internal connection to the device.
VCC = Dedicated power pin, which MUST be connected to VCC.
GND = Dedicated ground pin or unused dedicated input, which MUST be connected to GND.
RESERVED = Unused I/O pin, which MUST be left unconnected.



Device-Specific Information:                  f:\new folder\four_bit_adder.rpt
four_bit_adder

** RESOURCE USAGE **

                                                Shareable     External
Logic Array Block     Logic Cells   I/O Pins    Expanders   Interconnect

A:     LC1 - LC16     0/16(  0%)   9/16( 56%)   0/16(  0%)   0/36(  0%) 
B:    LC17 - LC32     9/16( 56%)   5/16( 31%)  15/16( 93%)  13/36( 36%) 


Total dedicated input pins used:                 0/4      (  0%)
Total I/O pins used:                            14/32     ( 43%)
Total logic cells used:                          9/32     ( 28%)
Total shareable expanders used:                 10/32     ( 31%)
Total Turbo logic cells used:                    9/32     ( 28%)
Total shareable expanders not available (n/a):   5/32     ( 15%)
Average fan-in:                                  6.22
Total fan-in:                                    56

Total input pins required:                       9
Total output pins required:                      5
Total bidirectional pins required:               0
Total logic cells required:                      9
Total flipflops required:                        0
Total product terms required:                   46
Total logic cells lending parallel expanders:    0
Total shareable expanders in database:          10

Synthesized logic cells:                         4/  32   ( 12%)



Device-Specific Information:                  f:\new folder\four_bit_adder.rpt
four_bit_adder

** INPUTS **

                                         Shareable
                                         Expanders     Fan-In    Fan-Out
 Pin     LC  LAB  Primitive    Code   Total Shared n/a INP  FBK  OUT  FBK  Name
   4    (1)  (A)      INPUT               0      0   0    0    0    4    4  a0
  13    (9)  (A)      INPUT               0      0   0    0    0    3    4  a1
  12    (8)  (A)      INPUT               0      0   0    0    0    3    3  a2
  11    (7)  (A)      INPUT               0      0   0    0    0    2    0  a3
   9    (6)  (A)      INPUT               0      0   0    0    0    3    4  b0
   8    (5)  (A)      INPUT               0      0   0    0    0    3    4  b1
   7    (4)  (A)      INPUT               0      0   0    0    0    3    2  b2
   6    (3)  (A)      INPUT               0      0   0    0    0    2    0  b3
   5    (2)  (A)      INPUT               0      0   0    0    0    4    4  cin


Code:

s = Synthesized pin or logic cell
t = Turbo logic cell
+ = Synchronous flipflop
! = NOT gate push-back
r = Fitter-inserted logic cell


Device-Specific Information:                  f:\new folder\four_bit_adder.rpt
four_bit_adder

** OUTPUTS **

                                         Shareable
                                         Expanders     Fan-In    Fan-Out
 Pin     LC  LAB  Primitive    Code   Total Shared n/a INP  FBK  OUT  FBK  Name
  32     25    B     OUTPUT      t        5      3   1    9    0    0    0  carry
  38     20    B     OUTPUT      t        0      0   0    3    0    0    0  z0
  39     19    B     OUTPUT      t        3      1   1    5    0    0    0  z1
  40     18    B     OUTPUT      t        4      1   0    6    1    0    0  z2
  41     17    B     OUTPUT      t        3      1   0    4    3    0    0  z3


Code:

s = Synthesized pin or logic cell
t = Turbo logic cell
+ = Synchronous flipflop
! = NOT gate push-back
r = Fitter-inserted logic cell


Device-Specific Information:                  f:\new folder\four_bit_adder.rpt
four_bit_adder

** BURIED LOGIC **

                                         Shareable
                                         Expanders     Fan-In    Fan-Out
 Pin     LC  LAB  Primitive    Code   Total Shared n/a INP  FBK  OUT  FBK  Name
 (33)    24    B       SOFT    s t        1      0   1    5    0    1    0  |full_adder:f3|half_adder:h2|~6~1
 (34)    23    B       SOFT    s t        1      0   1    6    0    1    0  |full_adder:f4|half_adder:h2|~6~1
 (36)    22    B       SOFT    s t        1      0   1    7    0    1    0  |full_adder:f4|half_adder:h2|~6~2
 (37)    21    B       SOFT    s t        0      0   0    7    0    1    0  |full_adder:f4|half_adder:h2|~6~3


Code:

s = Synthesized pin or logic cell
t = Turbo logic cell
+ = Synchronous flipflop
! = NOT gate push-back
r = Fitter-inserted logic cell


Device-Specific Information:                  f:\new folder\four_bit_adder.rpt
four_bit_adder

** LOGIC CELL INTERCONNECTIONS **

Logic Array Block 'B':

                           Logic cells placed in LAB 'B'
        +----------------- LC25 carry
        | +--------------- LC24 |full_adder:f3|half_adder:h2|~6~1
        | | +------------- LC23 |full_adder:f4|half_adder:h2|~6~1
        | | | +----------- LC22 |full_adder:f4|half_adder:h2|~6~2
        | | | | +--------- LC21 |full_adder:f4|half_adder:h2|~6~3
        | | | | | +------- LC20 z0
        | | | | | | +----- LC19 z1
        | | | | | | | +--- LC18 z2
        | | | | | | | | +- LC17 z3
        | | | | | | | | | 
        | | | | | | | | |   Other LABs fed by signals
        | | | | | | | | |   that feed LAB 'B'
LC      | | | | | | | | | | A B |     Logic cells that feed LAB 'B':
LC24 -> - - - - - - - * - | - * | <-- |full_adder:f3|half_adder:h2|~6~1
LC23 -> - - - - - - - - * | - * | <-- |full_adder:f4|half_adder:h2|~6~1
LC22 -> - - - - - - - - * | - * | <-- |full_adder:f4|half_adder:h2|~6~2
LC21 -> - - - - - - - - * | - * | <-- |full_adder:f4|half_adder:h2|~6~3

Pin
4    -> * * * * * * * * - | - * | <-- a0
13   -> * * * * * - * * - | - * | <-- a1
12   -> * - * * * - - * * | - * | <-- a2
11   -> * - - - - - - - * | - * | <-- a3
9    -> * * * * * * * - - | - * | <-- b0
8    -> * * * * * - * * - | - * | <-- b1
7    -> * - - * * - - * * | - * | <-- b2
6    -> * - - - - - - - * | - * | <-- b3
5    -> * * * * * * * * - | - * | <-- cin


* = The logic cell or pin is an input to the logic cell (or LAB) through the PIA.
- = The logic cell or pin is not an input to the logic cell (or LAB).


Device-Specific Information:                  f:\new folder\four_bit_adder.rpt
four_bit_adder

** EQUATIONS **

a0       : INPUT;
a1       : INPUT;
a2       : INPUT;
a3       : INPUT;
b0       : INPUT;
b1       : INPUT;
b2       : INPUT;
b3       : INPUT;
cin      : INPUT;

-- Node name is 'carry' 
-- Equation name is 'carry', location is LC025, type is output.
 carry   = LCELL( _EQ001 $  VCC);
  _EQ001 = !a0 &  _X001 &  _X002 &  _X003 &  _X004
         # !b0 & !cin &  _X001 &  _X002 &  _X004
         # !a1 & !b1 &  _X002 &  _X004
         # !a2 & !b2 &  _X004
         # !a3 & !b3;
  _X001  = EXP( a1 &  b1);
  _X002  = EXP( a2 &  b2);
  _X003  = EXP( b0 &  cin);
  _X004  = EXP( a3 &  b3);

-- Node name is 'z0' 
-- Equation name is 'z0', location is LC020, type is output.
 z0      = LCELL( _EQ002 $  cin);
  _EQ002 =  a0 & !b0
         # !a0 &  b0;

-- Node name is 'z1' 
-- Equation name is 'z1', location is LC019, type is output.
 z1      = LCELL( _EQ003 $  a1);
  _EQ003 =  a0 & !b1 &  cin
         #  b0 & !b1 &  _X005
         # !a0 &  b1 &  _X003
         # !b0 &  b1 & !cin;
  _X005  = EXP(!a0 & !cin);
  _X003  = EXP( b0 &  cin);

-- Node name is 'z2' 
-- Equation name is 'z2', location is LC018, type is output.
 z2      = LCELL( _EQ004 $  _EQ005);
  _EQ004 =  _X006 &  _X007;
  _X006  = EXP(!a2 &  b2);
  _X007  = EXP( a2 & !b2);
  _EQ005 = !_LC024 &  _X001 &  _X008;
  _X001  = EXP( a1 &  b1);
  _X008  = EXP( a0 &  b1 &  cin);

-- Node name is 'z3' 
-- Equation name is 'z3', location is LC017, type is output.
 z3      = LCELL( _EQ006 $  _EQ007);
  _EQ006 =  _X009 &  _X010;
  _X009  = EXP(!a3 &  b3);
  _X010  = EXP( a3 & !b3);
  _EQ007 = !_LC021 & !_LC022 & !_LC023 &  _X002;
  _X002  = EXP( a2 &  b2);

-- Node name is '|full_adder:f3|half_adder:h2|~6~1' 
-- Equation name is '_LC024', type is buried 
-- synthesized logic cell 
_LC024   = LCELL( _EQ008 $  GND);
  _EQ008 =  a0 &  a1 &  cin
         #  a1 &  b0 &  cin
         #  a0 &  a1 &  b0
         #  a0 &  b0 &  b1
         #  b0 &  b1 &  cin;

-- Node name is '|full_adder:f4|half_adder:h2|~6~1' 
-- Equation name is '_LC023', type is buried 
-- synthesized logic cell 
_LC023   = LCELL( _EQ009 $  GND);
  _EQ009 =  a0 &  a1 &  a2 &  cin
         #  a1 &  a2 &  b0 &  cin
         #  a0 &  a1 &  a2 &  b0
         #  a0 &  a2 &  b0 &  b1
         #  a2 &  b0 &  b1 &  cin;

-- Node name is '|full_adder:f4|half_adder:h2|~6~2' 
-- Equation name is '_LC022', type is buried 
-- synthesized logic cell 
_LC022   = LCELL( _EQ010 $  GND);
  _EQ010 =  a0 &  a2 &  b1 &  cin
         #  a0 &  b1 &  b2 &  cin
         #  b0 &  b1 &  b2 &  cin
         #  a0 &  b0 &  b1 &  b2
         #  a0 &  a1 &  b0 &  b2;

-- Node name is '|full_adder:f4|half_adder:h2|~6~3' 
-- Equation name is '_LC021', type is buried 
-- synthesized logic cell 
_LC021   = LCELL( _EQ011 $  GND);
  _EQ011 =  a1 &  b0 &  b2 &  cin
         #  a0 &  a1 &  b2 &  cin
         #  a1 &  a2 &  b1
         #  a1 &  b1 &  b2;



--     Shareable expanders that are duplicated in multiple LABs:
--     (none)




Project Information                           f:\new folder\four_bit_adder.rpt

** COMPILATION SETTINGS & TIMES **

Processing Menu Commands
------------------------

Design Doctor                             = off

Logic Synthesis:

   Synthesis Type Used                    = Standard

   Default Synthesis Style                = NORMAL

      Logic option settings in 'NORMAL' style for 'MAX7000' family

      DECOMPOSE_GATES                     = on
      DUPLICATE_LOGIC_EXTRACTION          = on
      MINIMIZATION                        = full
      MULTI_LEVEL_FACTORING               = on
      NOT_GATE_PUSH_BACK                  = on
      PARALLEL_EXPANDERS                  = off
      REDUCE_LOGIC                        = on
      REFACTORIZATION                     = on
      REGISTER_OPTIMIZATION               = on
      RESYNTHESIZE_NETWORK                = on
      SLOW_SLEW_RATE                      = off
      SOFT_BUFFER_INSERTION               = on
      SUBFACTOR_EXTRACTION                = on
      TURBO_BIT                           = on
      XOR_SYNTHESIS                       = on
      IGNORE_SOFT_BUFFERS                 = off
      USE_LPM_FOR_AHDL_OPERATORS          = off

   Other logic synthesis settings:

      Automatic Global Clock              = on
      Automatic Global Clear              = on
      Automatic Global Preset             = on
      Automatic Global Output Enable      = on
      Automatic Fast I/O                  = off
      Automatic Register Packing          = off
      Automatic Open-Drain Pins           = on
      Automatic Implement in EAB          = off
      One-Hot State Machine Encoding      = off
      Optimize                            = 5

Default Timing Specifications: None

Cut All Bidir Feedback Timing Paths       = on
Cut All Clear & Preset Timing Paths       = on

Ignore Timing Assignments                 = off

Functional SNF Extractor                  = off

Linked SNF Extractor                      = off
Timing SNF Extractor                      = on
Optimize Timing SNF                       = off
Generate AHDL TDO File                    = off
Fitter Settings                           = NORMAL
Smart Recompile                           = off
Total Recompile                           = off

Interfaces Menu Commands
------------------------

EDIF Netlist Writer                       = off
Verilog Netlist Writer                    = off
VHDL Netlist Writer                       = off

Compilation Times
-----------------

   Compiler Netlist Extractor             00:00:00
   Database Builder                       00:00:00
   Logic Synthesizer                      00:00:00
   Partitioner                            00:00:00
   Fitter                                 00:00:00
   Timing SNF Extractor                   00:00:00
   Assembler                              00:00:00
   --------------------------             --------
   Total Time                             00:00:00


Memory Allocated
-----------------

Peak memory allocated during compilation  = 3,974K
