Project Information                              d:\asso\logic\proj\twobit.rpt

MAX+plus II Compiler Report File
Version 10.2 07/10/2002
Compiled: 12/01/2010 21:33:56

Copyright (C) 1988-2002 Altera Corporation
Any megafunction design, and related net list (encrypted or decrypted),
support information, device programming or simulation file, and any other
associated documentation or information provided by Altera or a partner
under Altera's Megafunction Partnership Program may be used only to
program PLD devices (but not masked PLD devices) from Altera.  Any other
use of such megafunction design, net list, support information, device
programming or simulation file, or any other related documentation or
information is prohibited for any other purpose, including, but not
limited to modification, reverse engineering, de-compiling, or use with
any other silicon devices, unless such use is explicitly licensed under
a separate agreement with Altera or a megafunction partner.  Title to
the intellectual property, including patents, copyrights, trademarks,
trade secrets, or maskworks, embodied in any such megafunction design,
net list, support information, device programming or simulation file, or
any other related documentation or information provided by Altera or a
megafunction partner, remains with Altera, the megafunction partner, or
their respective licensors.  No other licenses, including any licenses
needed under any third party's intellectual property, are provided herein.



***** Project compilation was successful




** DEVICE SUMMARY **

Chip/                     Input   Output   Bidir         Shareable
POF       Device          Pins    Pins     Pins     LCs  Expanders  % Utilized

twobit    EPM7032LC44-6    9        4        0      14      7           43 %

User Pins:                 9        4        0  



Project Information                              d:\asso\logic\proj\twobit.rpt

** FILE HIERARCHY **



|onebittest:one_one|
|onebittest:one_one|half_adder:inc1|
|onebittest:one_one|full_adder:f1|
|onebittest:one_one|full_adder:f1|half_adder:h1|
|onebittest:one_one|full_adder:f1|half_adder:h2|
|onebittest:one_one|full_adder:f2|
|onebittest:one_one|full_adder:f2|half_adder:h1|
|onebittest:one_one|full_adder:f2|half_adder:h2|
|onebittest:one_one|decrement:d1|
|onebittest:one_one|decrement:d1|full_adder:x|
|onebittest:one_one|decrement:d1|full_adder:x|half_adder:h1|
|onebittest:one_one|decrement:d1|full_adder:x|half_adder:h2|
|onebittest:one_two|
|onebittest:one_two|half_adder:inc1|
|onebittest:one_two|full_adder:f1|
|onebittest:one_two|full_adder:f1|half_adder:h1|
|onebittest:one_two|full_adder:f1|half_adder:h2|
|onebittest:one_two|full_adder:f2|
|onebittest:one_two|full_adder:f2|half_adder:h1|
|onebittest:one_two|full_adder:f2|half_adder:h2|
|onebittest:one_two|decrement:d1|
|onebittest:one_two|decrement:d1|full_adder:x|
|onebittest:one_two|decrement:d1|full_adder:x|half_adder:h1|
|onebittest:one_two|decrement:d1|full_adder:x|half_adder:h2|


Device-Specific Information:                     d:\asso\logic\proj\twobit.rpt
twobit

***** Logic for device 'twobit' compiled without errors.




Device: EPM7032LC44-6

Device Options:
    Turbo Bit                                    = ON
    Security Bit                                 = OFF

                                         R     
                                         E     
                                         S     
                                         E     
                                         R     
                       V  G  G  G  G  G  V     
              S     A  C  N  N  N  N  N  E     
              0  l  0  C  D  D  D  D  D  D  V  
            -----------------------------------_ 
          /   6  5  4  3  2  1 44 43 42 41 40   | 
      S1 |  7                                39 | RESERVED 
      S2 |  8                                38 | RESERVED 
     Cin |  9                                37 | RESERVED 
     GND | 10                                36 | RESERVED 
      B1 | 11                                35 | VCC 
      B0 | 12         EPM7032LC44-6          34 | RESERVED 
      A1 | 13                                33 | RESERVED 
RESERVED | 14                                32 | Cout 
     VCC | 15                                31 | F0 
RESERVED | 16                                30 | GND 
RESERVED | 17                                29 | F1 
         |_  18 19 20 21 22 23 24 25 26 27 28  _| 
           ------------------------------------ 
              R  R  R  R  G  V  R  R  R  R  R  
              E  E  E  E  N  C  E  E  E  E  E  
              S  S  S  S  D  C  S  S  S  S  S  
              E  E  E  E        E  E  E  E  E  
              R  R  R  R        R  R  R  R  R  
              V  V  V  V        V  V  V  V  V  
              E  E  E  E        E  E  E  E  E  
              D  D  D  D        D  D  D  D  D  


N.C. = No Connect. This pin has no internal connection to the device.
VCC = Dedicated power pin, which MUST be connected to VCC.
GND = Dedicated ground pin or unused dedicated input, which MUST be connected to GND.
RESERVED = Unused I/O pin, which MUST be left unconnected.



Device-Specific Information:                     d:\asso\logic\proj\twobit.rpt
twobit

** RESOURCE USAGE **

                                                Shareable     External
Logic Array Block     Logic Cells   I/O Pins    Expanders   Interconnect

A:     LC1 - LC16     0/16(  0%)   9/16( 56%)   0/16(  0%)   0/36(  0%) 
B:    LC17 - LC32    14/16( 87%)   4/16( 25%)  16/16(100%)  19/36( 52%) 


Total dedicated input pins used:                 0/4      (  0%)
Total I/O pins used:                            13/32     ( 40%)
Total logic cells used:                         14/32     ( 43%)
Total shareable expanders used:                  7/32     ( 21%)
Total Turbo logic cells used:                   14/32     ( 43%)
Total shareable expanders not available (n/a):   9/32     ( 28%)
Average fan-in:                                  7.35
Total fan-in:                                   103

Total input pins required:                       9
Total output pins required:                      4
Total bidirectional pins required:               0
Total logic cells required:                     14
Total flipflops required:                        0
Total product terms required:                   65
Total logic cells lending parallel expanders:    0
Total shareable expanders in database:           7

Synthesized logic cells:                        10/  32   ( 31%)



Device-Specific Information:                     d:\asso\logic\proj\twobit.rpt
twobit

** INPUTS **

                                         Shareable
                                         Expanders     Fan-In    Fan-Out
 Pin     LC  LAB  Primitive    Code   Total Shared n/a INP  FBK  OUT  FBK  Name
   4    (1)  (A)      INPUT               0      0   0    0    0    3    9  A0
  13    (9)  (A)      INPUT               0      0   0    0    0    3    7  A1
  12    (8)  (A)      INPUT               0      0   0    0    0    1    9  B0
  11    (7)  (A)      INPUT               0      0   0    0    0    2    8  B1
   9    (6)  (A)      INPUT               0      0   0    0    0    2    9  Cin
   5    (2)  (A)      INPUT               0      0   0    0    0    2    2  l
   6    (3)  (A)      INPUT               0      0   0    0    0    4   10  S0
   7    (4)  (A)      INPUT               0      0   0    0    0    4   10  S1
   8    (5)  (A)      INPUT               0      0   0    0    0    2    6  S2


Code:

s = Synthesized pin or logic cell
t = Turbo logic cell
+ = Synchronous flipflop
! = NOT gate push-back
r = Fitter-inserted logic cell


Device-Specific Information:                     d:\asso\logic\proj\twobit.rpt
twobit

** OUTPUTS **

                                         Shareable
                                         Expanders     Fan-In    Fan-Out
 Pin     LC  LAB  Primitive    Code   Total Shared n/a INP  FBK  OUT  FBK  Name
  32     25    B     OUTPUT      t        4      0   1    8    2    0    0  Cout
  31     26    B     OUTPUT      t        1      1   0    4    2    0    0  F0
  29     27    B     OUTPUT      t        1      1   0    4    4    0    0  F1
  40     18    B     OUTPUT      t        3      0   0    7    2    0    0  V


Code:

s = Synthesized pin or logic cell
t = Turbo logic cell
+ = Synchronous flipflop
! = NOT gate push-back
r = Fitter-inserted logic cell


Device-Specific Information:                     d:\asso\logic\proj\twobit.rpt
twobit

** BURIED LOGIC **

                                         Shareable
                                         Expanders     Fan-In    Fan-Out
 Pin     LC  LAB  Primitive    Code   Total Shared n/a INP  FBK  OUT  FBK  Name
 (28)    28    B       SOFT    s t        1      0   1    6    0    1    0  |onebittest:one_one|~90~1
 (26)    30    B       SOFT    s t        0      0   0    6    0    1    0  |onebittest:one_one|~90~2
 (33)    24    B       SOFT    s t        1      0   1    8    0    1    0  |onebittest:one_two|~90~1
 (34)    23    B       SOFT    s t        1      0   1    8    0    1    0  |onebittest:one_two|~90~2
 (36)    22    B       SOFT    s t        1      0   1    7    0    1    0  |onebittest:one_two|~90~3
 (37)    21    B       SOFT    s t        0      0   0    7    0    1    0  |onebittest:one_two|~90~4
 (38)    20    B       SOFT    s t        1      0   1    7    0    1    0  |onebittest:one_two|~106~1
 (39)    19    B       SOFT    s t        1      0   1    7    0    1    0  |onebittest:one_two|~106~2
 (41)    17    B       SOFT    s t        1      0   1    7    0    1    0  ~15~1
 (27)    29    B       SOFT    s t        1      0   1    7    0    1    0  ~15~2


Code:

s = Synthesized pin or logic cell
t = Turbo logic cell
+ = Synchronous flipflop
! = NOT gate push-back
r = Fitter-inserted logic cell


Device-Specific Information:                     d:\asso\logic\proj\twobit.rpt
twobit

** LOGIC CELL INTERCONNECTIONS **

Logic Array Block 'B':

                                     Logic cells placed in LAB 'B'
        +--------------------------- LC25 Cout
        | +------------------------- LC26 F0
        | | +----------------------- LC27 F1
        | | | +--------------------- LC28 |onebittest:one_one|~90~1
        | | | | +------------------- LC30 |onebittest:one_one|~90~2
        | | | | | +----------------- LC24 |onebittest:one_two|~90~1
        | | | | | | +--------------- LC23 |onebittest:one_two|~90~2
        | | | | | | | +------------- LC22 |onebittest:one_two|~90~3
        | | | | | | | | +----------- LC21 |onebittest:one_two|~90~4
        | | | | | | | | | +--------- LC20 |onebittest:one_two|~106~1
        | | | | | | | | | | +------- LC19 |onebittest:one_two|~106~2
        | | | | | | | | | | | +----- LC18 V
        | | | | | | | | | | | | +--- LC17 ~15~1
        | | | | | | | | | | | | | +- LC29 ~15~2
        | | | | | | | | | | | | | | 
        | | | | | | | | | | | | | |   Other LABs fed by signals
        | | | | | | | | | | | | | |   that feed LAB 'B'
LC      | | | | | | | | | | | | | | | A B |     Logic cells that feed LAB 'B':
LC28 -> - * - - - - - - - - - - - - | - * | <-- |onebittest:one_one|~90~1
LC30 -> - * - - - - - - - - - - - - | - * | <-- |onebittest:one_one|~90~2
LC24 -> - - * - - - - - - - - - - - | - * | <-- |onebittest:one_two|~90~1
LC23 -> - - * - - - - - - - - - - - | - * | <-- |onebittest:one_two|~90~2
LC22 -> - - * - - - - - - - - - - - | - * | <-- |onebittest:one_two|~90~3
LC21 -> - - * - - - - - - - - - - - | - * | <-- |onebittest:one_two|~90~4
LC20 -> * - - - - - - - - - - - - - | - * | <-- |onebittest:one_two|~106~1
LC19 -> * - - - - - - - - - - - - - | - * | <-- |onebittest:one_two|~106~2
LC17 -> - - - - - - - - - - - * - - | - * | <-- ~15~1
LC29 -> - - - - - - - - - - - * - - | - * | <-- ~15~2

Pin
4    -> * * - * - * * * * * * * * * | - * | <-- A0
13   -> * - * - - * * - * * * * * * | - * | <-- A1
12   -> * - - * * * * * - * * - * * | - * | <-- B0
11   -> * - - - - * * * * * * * * * | - * | <-- B1
9    -> * - - * * * * * - * * * * * | - * | <-- Cin
5    -> * - - - * - - - * - - * - - | - * | <-- l
6    -> * * * * * * * * * * * * * * | - * | <-- S0
7    -> * * * * * * * * * * * * * * | - * | <-- S1
8    -> - * * * * * * * * - - - - - | - * | <-- S2


* = The logic cell or pin is an input to the logic cell (or LAB) through the PIA.
- = The logic cell or pin is not an input to the logic cell (or LAB).


Device-Specific Information:                     d:\asso\logic\proj\twobit.rpt
twobit

** EQUATIONS **

A0       : INPUT;
A1       : INPUT;
B0       : INPUT;
B1       : INPUT;
Cin      : INPUT;
l        : INPUT;
S0       : INPUT;
S1       : INPUT;
S2       : INPUT;

-- Node name is 'Cout' 
-- Equation name is 'Cout', location is LC025, type is output.
 Cout    = LCELL( _EQ001 $  _EQ002);
  _EQ001 = !A0 & !A1 & !l & !_LC019 & !_LC020 &  S0 &  S1 &  _X001 &  _X002 & 
              _X003
         # !A0 &  B0 &  B1 & !_LC019 & !_LC020 & !S0 &  _X001 &  _X002 & 
              _X003
         #  B0 &  B1 & !Cin & !_LC019 & !_LC020 & !S0 &  _X001 &  _X002 & 
              _X003
         # !A0 & !A1 &  B0 & !_LC019 & !_LC020 & !S0 &  _X001 &  _X002 & 
              _X003;
  _X001  = EXP(!A0 & !S0 & !S1);
  _X002  = EXP(!Cin & !S0 & !S1);
  _X003  = EXP(!A1 & !B1 & !S1);
  _EQ002 = !_LC019 & !_LC020 &  _X001 &  _X002 &  _X003;
  _X001  = EXP(!A0 & !S0 & !S1);
  _X002  = EXP(!Cin & !S0 & !S1);
  _X003  = EXP(!A1 & !B1 & !S1);

-- Node name is 'F0' 
-- Equation name is 'F0', location is LC026, type is output.
 F0      = LCELL( _EQ003 $ !A0);
  _EQ003 = !_LC028 & !_LC030 &  _X004;
  _X004  = EXP( S0 &  S1 &  S2);

-- Node name is 'F1' 
-- Equation name is 'F1', location is LC027, type is output.
 F1      = LCELL( _EQ004 $ !A1);
  _EQ004 = !_LC021 & !_LC022 & !_LC023 & !_LC024 &  _X004;
  _X004  = EXP( S0 &  S1 &  S2);

-- Node name is 'V' 
-- Equation name is 'V', location is LC018, type is output.
 V       = LCELL( _EQ005 $  VCC);
  _EQ005 = !_LC017 & !_LC029 &  _X005 &  _X006 &  _X007;
  _X005  = EXP(!A0 &  A1 & !l &  S0 &  S1);
  _X006  = EXP( A0 & !A1 &  B1 &  Cin & !S0);
  _X007  = EXP( A0 & !A1 & !B1 &  Cin & !S1);

-- Node name is '|onebittest:one_one|~90~1' 
-- Equation name is '_LC028', type is buried 
-- synthesized logic cell 
_LC028   = LCELL( _EQ006 $  GND);
  _EQ006 =  A0 &  B0 & !Cin &  S0 & !S1 & !S2
         # !A0 &  B0 & !Cin &  S0 & !S1
         #  A0 & !B0 & !S0 & !S1 &  S2
         # !B0 & !Cin & !S0 &  S1 & !S2
         # !A0 &  B0 &  S0 &  S2;

-- Node name is '|onebittest:one_one|~90~2' 
-- Equation name is '_LC030', type is buried 
-- synthesized logic cell 
_LC030   = LCELL( _EQ007 $  GND);
  _EQ007 =  B0 &  Cin & !S0 & !S2
         # !B0 &  Cin & !S1 & !S2
         #  B0 &  S1 &  S2
         # !l &  S0 &  S1;

-- Node name is '|onebittest:one_two|~90~1' 
-- Equation name is '_LC024', type is buried 
-- synthesized logic cell 
_LC024   = LCELL( _EQ008 $  GND);
  _EQ008 =  A1 & !B0 &  B1 & !Cin &  S0 & !S1 & !S2
         # !A0 &  A1 & !B0 &  B1 &  S0 & !S1 & !S2
         # !A0 &  A1 &  B1 & !Cin &  S0 & !S1 & !S2
         #  B0 & !B1 &  Cin &  S0 & !S1 & !S2
         #  A0 &  B0 & !B1 &  S0 & !S1 & !S2;

-- Node name is '|onebittest:one_two|~90~2' 
-- Equation name is '_LC023', type is buried 
-- synthesized logic cell 
_LC023   = LCELL( _EQ009 $  GND);
  _EQ009 = !A1 & !B0 &  B1 & !Cin &  S0 & !S1
         # !A0 & !A1 &  B1 & !Cin &  S0 & !S1
         # !A0 & !A1 & !B0 &  B1 &  S0 & !S1
         # !A0 &  B0 & !B1 & !S0 &  S1 & !S2
         #  B0 & !B1 & !Cin & !S0 &  S1 & !S2;

-- Node name is '|onebittest:one_two|~90~3' 
-- Equation name is '_LC022', type is buried 
-- synthesized logic cell 
_LC022   = LCELL( _EQ010 $  GND);
  _EQ010 = !A0 & !B1 & !Cin & !S0 &  S1 & !S2
         #  A0 &  B1 &  Cin & !S0 & !S2
         # !B0 &  B1 &  Cin & !S0 &  S1
         #  A0 & !B0 &  B1 & !S0 &  S1
         #  A0 & !B1 &  Cin & !S1 & !S2;

-- Node name is '|onebittest:one_two|~90~4' 
-- Equation name is '_LC021', type is buried 
-- synthesized logic cell 
_LC021   = LCELL( _EQ011 $  GND);
  _EQ011 =  A1 & !B1 & !S0 & !S1 &  S2
         # !A1 &  B1 &  S0 &  S2
         # !A0 & !l &  S0 &  S1
         #  B1 &  S1 &  S2;

-- Node name is '|onebittest:one_two|~106~1' 
-- Equation name is '_LC020', type is buried 
-- synthesized logic cell 
_LC020   = LCELL( _EQ012 $  GND);
  _EQ012 = !A1 &  B0 & !Cin & !S0
         # !A0 &  B1 & !Cin & !S0
         # !A0 & !A1 & !B0 & !S1
         # !A0 & !A1 & !Cin & !S1
         # !A1 & !B0 & !Cin & !S1;

-- Node name is '|onebittest:one_two|~106~2' 
-- Equation name is '_LC019', type is buried 
-- synthesized logic cell 
_LC019   = LCELL( _EQ013 $  GND);
  _EQ013 = !A0 & !B0 & !B1 & !S1
         # !A0 & !B1 & !Cin & !S1
         # !B0 & !B1 & !Cin & !S1
         # !A0 & !A1 & !Cin & !S0
         # !A1 &  B1 & !S0;

-- Node name is '~15~1' 
-- Equation name is '~15~1', location is LC017, type is buried.
-- synthesized logic cell 
_LC017   = LCELL( _EQ014 $  GND);
  _EQ014 = !A1 &  B0 & !B1 &  Cin &  S0 & !S1
         # !A1 & !B0 &  B1 &  Cin & !S0 &  S1
         #  A0 & !A1 &  B0 & !B1 &  S0 & !S1
         # !A0 &  A1 & !B0 &  B1 &  S0 & !S1
         # !A0 &  A1 &  B1 & !Cin &  S0 & !S1;

-- Node name is '~15~2' 
-- Equation name is '~15~2', location is LC029, type is buried.
-- synthesized logic cell 
_LC029   = LCELL( _EQ015 $  GND);
  _EQ015 =  A1 & !B0 &  B1 & !Cin &  S0 & !S1
         #  A0 & !A1 & !B0 &  B1 & !S0 &  S1
         # !A0 &  A1 &  B0 & !B1 & !S0 &  S1
         #  A1 &  B0 & !B1 & !Cin & !S0 &  S1
         # !A0 &  A1 & !B1 & !Cin & !S0 &  S1;



--     Shareable expanders that are duplicated in multiple LABs:
--     (none)




Project Information                              d:\asso\logic\proj\twobit.rpt

** COMPILATION SETTINGS & TIMES **

Processing Menu Commands
------------------------

Design Doctor                             = off

Logic Synthesis:

   Synthesis Type Used                    = Standard

   Default Synthesis Style                = NORMAL

      Logic option settings in 'NORMAL' style for 'MAX7000' family

      DECOMPOSE_GATES                     = on
      DUPLICATE_LOGIC_EXTRACTION          = on
      MINIMIZATION                        = full
      MULTI_LEVEL_FACTORING               = on
      NOT_GATE_PUSH_BACK                  = on
      PARALLEL_EXPANDERS                  = off
      REDUCE_LOGIC                        = on
      REFACTORIZATION                     = on
      REGISTER_OPTIMIZATION               = on
      RESYNTHESIZE_NETWORK                = on
      SLOW_SLEW_RATE                      = off
      SOFT_BUFFER_INSERTION               = on
      SUBFACTOR_EXTRACTION                = on
      TURBO_BIT                           = on
      XOR_SYNTHESIS                       = on
      IGNORE_SOFT_BUFFERS                 = off
      USE_LPM_FOR_AHDL_OPERATORS          = off

   Other logic synthesis settings:

      Automatic Global Clock              = on
      Automatic Global Clear              = on
      Automatic Global Preset             = on
      Automatic Global Output Enable      = on
      Automatic Fast I/O                  = off
      Automatic Register Packing          = off
      Automatic Open-Drain Pins           = on
      Automatic Implement in EAB          = off
      One-Hot State Machine Encoding      = off
      Optimize                            = 5

Default Timing Specifications: None

Cut All Bidir Feedback Timing Paths       = on
Cut All Clear & Preset Timing Paths       = on

Ignore Timing Assignments                 = off

Functional SNF Extractor                  = off

Linked SNF Extractor                      = off
Timing SNF Extractor                      = on
Optimize Timing SNF                       = off
Generate AHDL TDO File                    = off
Fitter Settings                           = NORMAL
Smart Recompile                           = off
Total Recompile                           = off

Interfaces Menu Commands
------------------------

EDIF Netlist Writer                       = off
Verilog Netlist Writer                    = off
VHDL Netlist Writer                       = off

Compilation Times
-----------------

   Compiler Netlist Extractor             00:00:00
   Database Builder                       00:00:00
   Logic Synthesizer                      00:00:00
   Partitioner                            00:00:00
   Fitter                                 00:00:00
   Timing SNF Extractor                   00:00:00
   Assembler                              00:00:00
   --------------------------             --------
   Total Time                             00:00:00


Memory Allocated
-----------------

Peak memory allocated during compilation  = 3,558K
